2021-09-28 16:22:04,128 [1] INFO Microsoft.AspNetCore.DataProtection.KeyManagement.XmlKeyManager - User profile is available. Using 'C:\Users\sushm_4qm2dck\AppData\Local\ASP.NET\DataProtection-Keys' as key repository and Windows DPAPI to encrypt keys at rest.
2021-09-28 16:22:04,955 [1] INFO Microsoft.Hosting.Lifetime - Now listening on: http://127.0.0.1:24711
2021-09-28 16:22:04,955 [1] INFO Microsoft.Hosting.Lifetime - Now listening on: http://127.0.0.1:24711
2021-09-28 16:22:04,958 [1] INFO Microsoft.Hosting.Lifetime - Application started. Press Ctrl+C to shut down.
2021-09-28 16:22:04,958 [1] INFO Microsoft.Hosting.Lifetime - Application started. Press Ctrl+C to shut down.
2021-09-28 16:22:04,960 [1] INFO Microsoft.Hosting.Lifetime - Hosting environment: Development
2021-09-28 16:22:04,960 [1] INFO Microsoft.Hosting.Lifetime - Hosting environment: Development
2021-09-28 16:22:04,963 [1] INFO Microsoft.Hosting.Lifetime - Content root path: C:\Users\sushm_4qm2dck\OneDrive\Desktop\RPMS\ProductModuleFIrst\ProductModuleFIrst\ProductFirstModule
2021-09-28 16:22:04,963 [1] INFO Microsoft.Hosting.Lifetime - Content root path: C:\Users\sushm_4qm2dck\OneDrive\Desktop\RPMS\ProductModuleFIrst\ProductModuleFIrst\ProductFirstModule
2021-09-28 16:22:05,194 [5] INFO Microsoft.AspNetCore.Hosting.Diagnostics - Request starting HTTP/1.1 GET http://localhost:44338/index.html  
2021-09-28 16:22:05,195 [5] INFO Microsoft.AspNetCore.Hosting.Diagnostics - Request starting HTTP/1.1 GET http://localhost:44338/index.html  
2021-09-28 16:22:05,194 [4] INFO Microsoft.AspNetCore.Hosting.Diagnostics - Request starting HTTP/1.1 DEBUG http://localhost:25918/  0
2021-09-28 16:22:05,195 [4] INFO Microsoft.AspNetCore.Hosting.Diagnostics - Request starting HTTP/1.1 DEBUG http://localhost:25918/  0
2021-09-28 16:22:05,264 [4] INFO Microsoft.AspNetCore.Hosting.Diagnostics - Request finished in 62.3813ms 200 
2021-09-28 16:22:05,265 [4] INFO Microsoft.AspNetCore.Hosting.Diagnostics - Request finished in 62.3813ms 200 
2021-09-28 16:22:05,432 [5] INFO Microsoft.AspNetCore.Hosting.Diagnostics - Request finished in 244.7238ms 200 text/html;charset=utf-8
2021-09-28 16:22:05,432 [5] INFO Microsoft.AspNetCore.Hosting.Diagnostics - Request finished in 244.7238ms 200 text/html;charset=utf-8
2021-09-28 16:22:05,946 [5] INFO Microsoft.AspNetCore.Hosting.Diagnostics - Request starting HTTP/1.1 GET http://localhost:44338/swagger/v1/swagger.json  
2021-09-28 16:22:05,947 [5] INFO Microsoft.AspNetCore.Hosting.Diagnostics - Request starting HTTP/1.1 GET http://localhost:44338/swagger/v1/swagger.json  
2021-09-28 16:22:06,216 [5] INFO Microsoft.AspNetCore.Hosting.Diagnostics - Request finished in 263.5418ms 200 application/json;charset=utf-8
2021-09-28 16:22:06,216 [5] INFO Microsoft.AspNetCore.Hosting.Diagnostics - Request finished in 263.5418ms 200 application/json;charset=utf-8
2021-09-28 16:22:15,599 [11] INFO Microsoft.AspNetCore.Hosting.Diagnostics - Request starting HTTP/1.1 GET http://localhost:44338/api/ProductMicroServices/1  
2021-09-28 16:22:15,600 [11] INFO Microsoft.AspNetCore.Hosting.Diagnostics - Request starting HTTP/1.1 GET http://localhost:44338/api/ProductMicroServices/1  
2021-09-28 16:22:15,801 [11] INFO Microsoft.AspNetCore.Routing.EndpointMiddleware - Executing endpoint 'ProductFirstModule.Controller.ProductMicroServicesController.SearchProductById (ProductFirstModule)'
2021-09-28 16:22:15,801 [11] INFO Microsoft.AspNetCore.Routing.EndpointMiddleware - Executing endpoint 'ProductFirstModule.Controller.ProductMicroServicesController.SearchProductById (ProductFirstModule)'
2021-09-28 16:22:15,882 [11] INFO Microsoft.AspNetCore.Mvc.Infrastructure.ControllerActionInvoker - Route matched with {action = "SearchProductById", controller = "ProductMicroServices"}. Executing controller action with signature System.Threading.Tasks.Task`1[Microsoft.AspNetCore.Mvc.ActionResult`1[ProductFirstModule.Database.Entities.Product]] SearchProductById(Int32) on controller ProductFirstModule.Controller.ProductMicroServicesController (ProductFirstModule).
2021-09-28 16:22:15,882 [11] INFO Microsoft.AspNetCore.Mvc.Infrastructure.ControllerActionInvoker - Route matched with {action = "SearchProductById", controller = "ProductMicroServices"}. Executing controller action with signature System.Threading.Tasks.Task`1[Microsoft.AspNetCore.Mvc.ActionResult`1[ProductFirstModule.Database.Entities.Product]] SearchProductById(Int32) on controller ProductFirstModule.Controller.ProductMicroServicesController (ProductFirstModule).
2021-09-28 16:22:17,042 [11] INFO Microsoft.EntityFrameworkCore.Infrastructure - Entity Framework Core 3.1.0 initialized 'ProductDbContext' using provider 'Microsoft.EntityFrameworkCore.SqlServer' with options: None
2021-09-28 16:22:17,042 [11] INFO Microsoft.EntityFrameworkCore.Infrastructure - Entity Framework Core 3.1.0 initialized 'ProductDbContext' using provider 'Microsoft.EntityFrameworkCore.SqlServer' with options: None
2021-09-28 16:22:18,208 [4] INFO Microsoft.EntityFrameworkCore.Database.Command - Executed DbCommand (172ms) [Parameters=[@__p_0='?' (DbType = Int32)], CommandType='Text', CommandTimeout='30']
SELECT TOP(1) [p].[Id], [p].[Description], [p].[Image_Name], [p].[Name], [p].[Price], [p].[Rating]
FROM [Product_s] AS [p]
WHERE [p].[Id] = @__p_0
2021-09-28 16:22:18,209 [4] INFO Microsoft.EntityFrameworkCore.Database.Command - Executed DbCommand (172ms) [Parameters=[@__p_0='?' (DbType = Int32)], CommandType='Text', CommandTimeout='30']
SELECT TOP(1) [p].[Id], [p].[Description], [p].[Image_Name], [p].[Name], [p].[Price], [p].[Rating]
FROM [Product_s] AS [p]
WHERE [p].[Id] = @__p_0
2021-09-28 16:22:18,368 [4] INFO Microsoft.AspNetCore.Mvc.Infrastructure.ObjectResultExecutor - Executing ObjectResult, writing value of type 'ProductFirstModule.Database.Entities.Product'.
2021-09-28 16:22:18,368 [4] INFO Microsoft.AspNetCore.Mvc.Infrastructure.ObjectResultExecutor - Executing ObjectResult, writing value of type 'ProductFirstModule.Database.Entities.Product'.
2021-09-28 16:22:18,391 [4] INFO Microsoft.AspNetCore.Mvc.Infrastructure.ControllerActionInvoker - Executed action ProductFirstModule.Controller.ProductMicroServicesController.SearchProductById (ProductFirstModule) in 2498.5717ms
2021-09-28 16:22:18,391 [4] INFO Microsoft.AspNetCore.Mvc.Infrastructure.ControllerActionInvoker - Executed action ProductFirstModule.Controller.ProductMicroServicesController.SearchProductById (ProductFirstModule) in 2498.5717ms
2021-09-28 16:22:18,394 [4] INFO Microsoft.AspNetCore.Routing.EndpointMiddleware - Executed endpoint 'ProductFirstModule.Controller.ProductMicroServicesController.SearchProductById (ProductFirstModule)'
2021-09-28 16:22:18,394 [4] INFO Microsoft.AspNetCore.Routing.EndpointMiddleware - Executed endpoint 'ProductFirstModule.Controller.ProductMicroServicesController.SearchProductById (ProductFirstModule)'
2021-09-28 16:22:18,413 [4] INFO Microsoft.AspNetCore.Hosting.Diagnostics - Request finished in 2814.5729ms 200 application/json; charset=utf-8
2021-09-28 16:22:18,413 [4] INFO Microsoft.AspNetCore.Hosting.Diagnostics - Request finished in 2814.5729ms 200 application/json; charset=utf-8
